[INFO] Scanning for projects...
[INFO]                                                                         
[INFO] ------------------------------------------------------------------------
[INFO] Building magic-config 1.1.0-SNAPSHOT
[INFO] ------------------------------------------------------------------------
[INFO] 
[INFO] --- maven-clean-plugin:2.4.1:clean (default-clean) @ magic-config ---
[INFO] Deleting /home/sly/workspace/BlueMagic/magic-config/target
[INFO] 
[INFO] --- maven-resources-plugin:2.5:resources (default-resources) @ magic-config ---
[debug] execute contextualize
[INFO] Using 'UTF-8' encoding to copy filtered resources.
[INFO] Copying 5 resources
[INFO] 
[INFO] --- maven-compiler-plugin:2.3.2:compile (default-compile) @ magic-config ---
[INFO] Compiling 48 source files to /home/sly/workspace/BlueMagic/magic-config/target/classes
[INFO] 
[INFO] --- maven-resources-plugin:2.5:testResources (default-testResources) @ magic-config ---
[debug] execute contextualize
[INFO] Using 'UTF-8' encoding to copy filtered resources.
[INFO] Copying 15 resources
[INFO] 
[INFO] --- maven-compiler-plugin:2.3.2:testCompile (default-testCompile) @ magic-config ---
[INFO] Compiling 24 source files to /home/sly/workspace/BlueMagic/magic-config/target/test-classes
[INFO] 
[INFO] --- maven-surefire-plugin:2.10:test (default-test) @ magic-config ---
[INFO] Surefire report directory: /home/sly/workspace/BlueMagic/magic-config/target/surefire-reports

-------------------------------------------------------
 T E S T S
-------------------------------------------------------
Running org.bluemagic.config.factory.ConfigXmlParserTest
00:16:08,013  INFO ConfigXmlParserTest:26 - Starting xml parser
00:16:08,016  INFO ConfigXmlParser:32 - Parsing magic config file: src/test/resources/newMagicConfig.xml
00:16:08,066 DEBUG ConfigXmlParser:62 - Going to create location from element: fileLocation
00:16:08,066 DEBUG ConfigXmlParser:70 - Creating location without decorators
00:16:08,067 TRACE LocationFactoryImpl:34 - Looking for method: createFileLocation
00:16:08,067 DEBUG LocationFactoryImpl:39 - Creating location with method: public org.bluemagic.config.api.Location org.bluemagic.config.factory.LocationFactoryImpl.createFileLocation(java.util.Map)
00:16:08,068 DEBUG ConfigXmlParser:76 - Location created: [org.bluemagic.config.location.FileLocation for folder: /home/me/properties/]
00:16:08,068 DEBUG ConfigXmlParser:62 - Going to create location from element: fileLocation
00:16:08,068 DEBUG ConfigXmlParser:80 - Going to create decorators for location
00:16:08,068  INFO ConfigXmlParser:94 - No attempt found, create location from this element
00:16:08,068 DEBUG ConfigXmlParser:134 - Going to create tags for decorator: [locationDecorator: null]
00:16:08,068 DEBUG ConfigXmlParser:170 - Going to create 1 tags for this decorator
00:16:08,068 DEBUG ConfigXmlParser:174 - Creating tag from element: [singleTag: null]
00:16:08,068 TRACE TagFactoryImpl:47 - Looking for method: createSingleTag
00:16:08,069 DEBUG TagFactoryImpl:52 - Creating tag with method: public org.bluemagic.config.tag.MethodDecoratedTag org.bluemagic.config.factory.TagFactoryImpl.createSingleTag(java.util.Map,java.lang.String)
00:16:08,069 DEBUG ConfigXmlParser:138 - Tags created: [org.bluemagic.config.tag.MethodDecoratedTag@9c0ec97]
00:16:08,070 DEBUG ConfigXmlParser:147 - Creating decorator for tag: file
00:16:08,071 DEBUG ConfigXmlParser:111 - Location decorators created: []
00:16:08,071 DEBUG ConfigXmlParser:112 - Key decorators created: []
00:16:08,071 DEBUG ConfigXmlParser:113 - Creating decorated location
00:16:08,071 ERROR LocationFactoryImpl:54 - Not implemented
00:16:08,071 TRACE LocationFactoryImpl:34 - Looking for method: createFileLocation
00:16:08,071 DEBUG LocationFactoryImpl:39 - Creating location with method: public org.bluemagic.config.api.Location org.bluemagic.config.factory.LocationFactoryImpl.createFileLocation(java.util.Map)
00:16:08,071 DEBUG ConfigXmlParser:121 - Decorated location created: null
00:16:08,071 DEBUG ConfigXmlParser:62 - Going to create location from element: fileLocation
00:16:08,071 DEBUG ConfigXmlParser:80 - Going to create decorators for location
00:16:08,071  INFO ConfigXmlParser:88 - Attempt found, create location from it's children
00:16:08,072 DEBUG ConfigXmlParser:134 - Going to create tags for decorator: [locationDecorator: null]
00:16:08,072 DEBUG ConfigXmlParser:170 - Going to create 1 tags for this decorator
00:16:08,072 DEBUG ConfigXmlParser:174 - Creating tag from element: [singleTag: null]
00:16:08,072 TRACE TagFactoryImpl:47 - Looking for method: createSingleTag
00:16:08,072 DEBUG TagFactoryImpl:52 - Creating tag with method: public org.bluemagic.config.tag.MethodDecoratedTag org.bluemagic.config.factory.TagFactoryImpl.createSingleTag(java.util.Map,java.lang.String)
00:16:08,072 DEBUG ConfigXmlParser:138 - Tags created: [org.bluemagic.config.tag.MethodDecoratedTag@4ce2cb55]
00:16:08,072 DEBUG ConfigXmlParser:147 - Creating decorator for tag: 123
00:16:08,072 DEBUG ConfigXmlParser:134 - Going to create tags for decorator: [keyDecorator: null]
00:16:08,073 DEBUG ConfigXmlParser:170 - Going to create 2 tags for this decorator
00:16:08,073 DEBUG ConfigXmlParser:174 - Creating tag from element: [singleTag: null]
00:16:08,073 TRACE TagFactoryImpl:47 - Looking for method: createSingleTag
00:16:08,073 DEBUG TagFactoryImpl:52 - Creating tag with method: public org.bluemagic.config.tag.MethodDecoratedTag org.bluemagic.config.factory.TagFactoryImpl.createSingleTag(java.util.Map,java.lang.String)
00:16:08,073 DEBUG ConfigXmlParser:174 - Creating tag from element: [singleTag: null]
00:16:08,073 TRACE TagFactoryImpl:47 - Looking for method: createSingleTag
00:16:08,073 DEBUG TagFactoryImpl:52 - Creating tag with method: public org.bluemagic.config.tag.MethodDecoratedTag org.bluemagic.config.factory.TagFactoryImpl.createSingleTag(java.util.Map,java.lang.String)
00:16:08,073 DEBUG ConfigXmlParser:138 - Tags created: [org.bluemagic.config.tag.MethodDecoratedTag@3d9360e2, org.bluemagic.config.tag.MethodDecoratedTag@16bdb503]
00:16:08,074 DEBUG ConfigXmlParser:147 - Creating decorator for tag: abc
00:16:08,074 DEBUG ConfigXmlParser:147 - Creating decorator for tag: def
00:16:08,074 DEBUG ConfigXmlParser:111 - Location decorators created: []
00:16:08,074 DEBUG ConfigXmlParser:112 - Key decorators created: []
00:16:08,074 DEBUG ConfigXmlParser:113 - Creating decorated location
00:16:08,074 ERROR LocationFactoryImpl:54 - Not implemented
00:16:08,074 TRACE LocationFactoryImpl:34 - Looking for method: createFileLocation
00:16:08,074 DEBUG LocationFactoryImpl:39 - Creating location with method: public org.bluemagic.config.api.Location org.bluemagic.config.factory.LocationFactoryImpl.createFileLocation(java.util.Map)
00:16:08,074 DEBUG ConfigXmlParser:121 - Decorated location created: null
00:16:08,074  INFO ConfigXmlParser:88 - Attempt found, create location from it's children
00:16:08,075 DEBUG ConfigXmlParser:134 - Going to create tags for decorator: [keyDecorator: null]
00:16:08,075 DEBUG ConfigXmlParser:170 - Going to create 2 tags for this decorator
00:16:08,075 DEBUG ConfigXmlParser:174 - Creating tag from element: [singleTag: null]
00:16:08,075 TRACE TagFactoryImpl:47 - Looking for method: createSingleTag
00:16:08,075 DEBUG TagFactoryImpl:52 - Creating tag with method: public org.bluemagic.config.tag.MethodDecoratedTag org.bluemagic.config.factory.TagFactoryImpl.createSingleTag(java.util.Map,java.lang.String)
00:16:08,075 DEBUG ConfigXmlParser:174 - Creating tag from element: [singleTag: null]
00:16:08,075 TRACE TagFactoryImpl:47 - Looking for method: createSingleTag
00:16:08,075 DEBUG TagFactoryImpl:52 - Creating tag with method: public org.bluemagic.config.tag.MethodDecoratedTag org.bluemagic.config.factory.TagFactoryImpl.createSingleTag(java.util.Map,java.lang.String)
00:16:08,076 DEBUG ConfigXmlParser:138 - Tags created: [org.bluemagic.config.tag.MethodDecoratedTag@b6e39f, org.bluemagic.config.tag.MethodDecoratedTag@6719dc16]
00:16:08,076 DEBUG ConfigXmlParser:147 - Creating decorator for tag: abc
00:16:08,076 DEBUG ConfigXmlParser:147 - Creating decorator for tag: def
00:16:08,076 DEBUG ConfigXmlParser:111 - Location decorators created: []
00:16:08,076 DEBUG ConfigXmlParser:112 - Key decorators created: []
00:16:08,076 DEBUG ConfigXmlParser:113 - Creating decorated location
00:16:08,076 ERROR LocationFactoryImpl:54 - Not implemented
00:16:08,076 TRACE LocationFactoryImpl:34 - Looking for method: createFileLocation
00:16:08,076 DEBUG LocationFactoryImpl:39 - Creating location with method: public org.bluemagic.config.api.Location org.bluemagic.config.factory.LocationFactoryImpl.createFileLocation(java.util.Map)
00:16:08,076 DEBUG ConfigXmlParser:121 - Decorated location created: null
00:16:08,077 DEBUG ConfigXmlParser:62 - Going to create location from element: webLocation
00:16:08,077 DEBUG ConfigXmlParser:80 - Going to create decorators for location
00:16:08,077  INFO ConfigXmlParser:88 - Attempt found, create location from it's children
00:16:08,077 DEBUG ConfigXmlParser:134 - Going to create tags for decorator: [keyDecorator: null]
00:16:08,077 DEBUG ConfigXmlParser:170 - Going to create 2 tags for this decorator
00:16:08,077 DEBUG ConfigXmlParser:174 - Creating tag from element: [doubleTag: null]
00:16:08,077 TRACE TagFactoryImpl:47 - Looking for method: createDoubleTag
00:16:08,077 DEBUG TagFactoryImpl:52 - Creating tag with method: public org.bluemagic.config.tag.MethodDecoratedTag org.bluemagic.config.factory.TagFactoryImpl.createDoubleTag(java.util.Map,java.lang.String)
00:16:08,078 ERROR TagFactoryImpl:58 - 
java.lang.reflect.InvocationTargetException
	at sun.reflect.NativeMethodAccessorImpl.invoke0(Native Method)
	at sun.reflect.NativeMethodAccessorImpl.invoke(NativeMethodAccessorImpl.java:39)
	at sun.reflect.DelegatingMethodAccessorImpl.invoke(DelegatingMethodAccessorImpl.java:25)
	at java.lang.reflect.Method.invoke(Method.java:597)
	at org.bluemagic.config.factory.TagFactoryImpl.createTag(TagFactoryImpl.java:55)
	at org.bluemagic.config.factory.ConfigXmlParser.createTags(ConfigXmlParser.java:176)
	at org.bluemagic.config.factory.ConfigXmlParser.createDecorators(ConfigXmlParser.java:136)
	at org.bluemagic.config.factory.ConfigXmlParser.createDecoratedLocation(ConfigXmlParser.java:109)
	at org.bluemagic.config.factory.ConfigXmlParser.createLocation(ConfigXmlParser.java:89)
	at org.bluemagic.config.factory.ConfigXmlParser.parseMagicConfig(ConfigXmlParser.java:46)
	at org.bluemagic.config.factory.ConfigXmlParserTest.test(ConfigXmlParserTest.java:28)
	at sun.reflect.NativeMethodAccessorImpl.invoke0(Native Method)
	at sun.reflect.NativeMethodAccessorImpl.invoke(NativeMethodAccessorImpl.java:39)
	at sun.reflect.DelegatingMethodAccessorImpl.invoke(DelegatingMethodAccessorImpl.java:25)
	at java.lang.reflect.Method.invoke(Method.java:597)
	at org.junit.runners.model.FrameworkMethod$1.runReflectiveCall(FrameworkMethod.java:44)
	at org.junit.internal.runners.model.ReflectiveCallable.run(ReflectiveCallable.java:15)
	at org.junit.runners.model.FrameworkMethod.invokeExplosively(FrameworkMethod.java:41)
	at org.junit.internal.runners.statements.InvokeMethod.evaluate(InvokeMethod.java:20)
	at org.junit.internal.runners.statements.RunBefores.evaluate(RunBefores.java:28)
	at org.junit.runners.BlockJUnit4ClassRunner.runChild(BlockJUnit4ClassRunner.java:76)
	at org.junit.runners.BlockJUnit4ClassRunner.runChild(BlockJUnit4ClassRunner.java:50)
	at org.junit.runners.ParentRunner$3.run(ParentRunner.java:193)
	at org.junit.runners.ParentRunner$1.schedule(ParentRunner.java:52)
	at org.junit.runners.ParentRunner.runChildren(ParentRunner.java:191)
	at org.junit.runners.ParentRunner.access$000(ParentRunner.java:42)
	at org.junit.runners.ParentRunner$2.evaluate(ParentRunner.java:184)
	at org.junit.runners.ParentRunner.run(ParentRunner.java:236)
	at org.apache.maven.surefire.junit4.JUnit4TestSet.execute(JUnit4TestSet.java:53)
	at org.apache.maven.surefire.junit4.JUnit4Provider.executeTestSet(JUnit4Provider.java:123)
	at org.apache.maven.surefire.junit4.JUnit4Provider.invoke(JUnit4Provider.java:104)
	at sun.reflect.NativeMethodAccessorImpl.invoke0(Native Method)
	at sun.reflect.NativeMethodAccessorImpl.invoke(NativeMethodAccessorImpl.java:39)
	at sun.reflect.DelegatingMethodAccessorImpl.invoke(DelegatingMethodAccessorImpl.java:25)
	at java.lang.reflect.Method.invoke(Method.java:597)
	at org.apache.maven.surefire.util.ReflectionUtils.invokeMethodWithArray(ReflectionUtils.java:164)
	at org.apache.maven.surefire.booter.ProviderFactory$ProviderProxy.invoke(ProviderFactory.java:110)
	at org.apache.maven.surefire.booter.SurefireStarter.invokeProvider(SurefireStarter.java:175)
	at org.apache.maven.surefire.booter.SurefireStarter.runSuitesInProcessWhenForked(SurefireStarter.java:107)
	at org.apache.maven.surefire.booter.ForkedBooter.main(ForkedBooter.java:68)
Caused by: java.lang.NullPointerException: Tag doesn't contain a method
	at org.bluemagic.config.factory.TagFactoryImpl.getMethod(TagFactoryImpl.java:137)
	at org.bluemagic.config.factory.TagFactoryImpl.createDoubleTag(TagFactoryImpl.java:92)
	... 40 more
Tests run: 1, Failures: 0, Errors: 1, Skipped: 0, Time elapsed: 0.173 sec <<< FAILURE!
Running org.bluemagic.config.factory.DecoratorFactoryTest
00:16:08,083 TRACE DecoratorFactoryImpl:34 - Looking for method: createTagDecorator
00:16:08,083 ERROR DecoratorFactoryImpl:45 - 
java.lang.NoSuchMethodException: org.bluemagic.config.factory.DecoratorFactoryImpl.createTagDecorator(java.util.Map, org.bluemagic.config.api.tag.Tag, org.bluemagic.config.api.Decorator$Method)
	at java.lang.Class.getMethod(Class.java:1605)
	at org.bluemagic.config.factory.DecoratorFactoryImpl.createDecorator(DecoratorFactoryImpl.java:36)
	at org.bluemagic.config.factory.DecoratorFactoryTest.testBuildSingleTag(DecoratorFactoryTest.java:22)
	at sun.reflect.NativeMethodAccessorImpl.invoke0(Native Method)
	at sun.reflect.NativeMethodAccessorImpl.invoke(NativeMethodAccessorImpl.java:39)
	at sun.reflect.DelegatingMethodAccessorImpl.invoke(DelegatingMethodAccessorImpl.java:25)
	at java.lang.reflect.Method.invoke(Method.java:597)
	at org.junit.runners.model.FrameworkMethod$1.runReflectiveCall(FrameworkMethod.java:44)
	at org.junit.internal.runners.model.ReflectiveCallable.run(ReflectiveCallable.java:15)
	at org.junit.runners.model.FrameworkMethod.invokeExplosively(FrameworkMethod.java:41)
	at org.junit.internal.runners.statements.InvokeMethod.evaluate(InvokeMethod.java:20)
	at org.junit.runners.BlockJUnit4ClassRunner.runChild(BlockJUnit4ClassRunner.java:76)
	at org.junit.runners.BlockJUnit4ClassRunner.runChild(BlockJUnit4ClassRunner.java:50)
	at org.junit.runners.ParentRunner$3.run(ParentRunner.java:193)
	at org.junit.runners.ParentRunner$1.schedule(ParentRunner.java:52)
	at org.junit.runners.ParentRunner.runChildren(ParentRunner.java:191)
	at org.junit.runners.ParentRunner.access$000(ParentRunner.java:42)
	at org.junit.runners.ParentRunner$2.evaluate(ParentRunner.java:184)
	at org.junit.runners.ParentRunner.run(ParentRunner.java:236)
	at org.apache.maven.surefire.junit4.JUnit4TestSet.execute(JUnit4TestSet.java:53)
	at org.apache.maven.surefire.junit4.JUnit4Provider.executeTestSet(JUnit4Provider.java:123)
	at org.apache.maven.surefire.junit4.JUnit4Provider.invoke(JUnit4Provider.java:104)
	at sun.reflect.NativeMethodAccessorImpl.invoke0(Native Method)
	at sun.reflect.NativeMethodAccessorImpl.invoke(NativeMethodAccessorImpl.java:39)
	at sun.reflect.DelegatingMethodAccessorImpl.invoke(DelegatingMethodAccessorImpl.java:25)
	at java.lang.reflect.Method.invoke(Method.java:597)
	at org.apache.maven.surefire.util.ReflectionUtils.invokeMethodWithArray(ReflectionUtils.java:164)
	at org.apache.maven.surefire.booter.ProviderFactory$ProviderProxy.invoke(ProviderFactory.java:110)
	at org.apache.maven.surefire.booter.SurefireStarter.invokeProvider(SurefireStarter.java:175)
	at org.apache.maven.surefire.booter.SurefireStarter.runSuitesInProcessWhenForked(SurefireStarter.java:107)
	at org.apache.maven.surefire.booter.ForkedBooter.main(ForkedBooter.java:68)
00:16:08,085 TRACE DecoratorFactoryImpl:34 - Looking for method: createTagDecorator
00:16:08,085 ERROR DecoratorFactoryImpl:45 - 
java.lang.NoSuchMethodException: org.bluemagic.config.factory.DecoratorFactoryImpl.createTagDecorator(java.util.Map, org.bluemagic.config.api.tag.Tag, org.bluemagic.config.api.Decorator$Method)
	at java.lang.Class.getMethod(Class.java:1605)
	at org.bluemagic.config.factory.DecoratorFactoryImpl.createDecorator(DecoratorFactoryImpl.java:36)
	at org.bluemagic.config.factory.DecoratorFactoryTest.testBuildDoubleTag(DecoratorFactoryTest.java:35)
	at sun.reflect.NativeMethodAccessorImpl.invoke0(Native Method)
	at sun.reflect.NativeMethodAccessorImpl.invoke(NativeMethodAccessorImpl.java:39)
	at sun.reflect.DelegatingMethodAccessorImpl.invoke(DelegatingMethodAccessorImpl.java:25)
	at java.lang.reflect.Method.invoke(Method.java:597)
	at org.junit.runners.model.FrameworkMethod$1.runReflectiveCall(FrameworkMethod.java:44)
	at org.junit.internal.runners.model.ReflectiveCallable.run(ReflectiveCallable.java:15)
	at org.junit.runners.model.FrameworkMethod.invokeExplosively(FrameworkMethod.java:41)
	at org.junit.internal.runners.statements.InvokeMethod.evaluate(InvokeMethod.java:20)
	at org.junit.runners.BlockJUnit4ClassRunner.runChild(BlockJUnit4ClassRunner.java:76)
	at org.junit.runners.BlockJUnit4ClassRunner.runChild(BlockJUnit4ClassRunner.java:50)
	at org.junit.runners.ParentRunner$3.run(ParentRunner.java:193)
	at org.junit.runners.ParentRunner$1.schedule(ParentRunner.java:52)
	at org.junit.runners.ParentRunner.runChildren(ParentRunner.java:191)
	at org.junit.runners.ParentRunner.access$000(ParentRunner.java:42)
	at org.junit.runners.ParentRunner$2.evaluate(ParentRunner.java:184)
	at org.junit.runners.ParentRunner.run(ParentRunner.java:236)
	at org.apache.maven.surefire.junit4.JUnit4TestSet.execute(JUnit4TestSet.java:53)
	at org.apache.maven.surefire.junit4.JUnit4Provider.executeTestSet(JUnit4Provider.java:123)
	at org.apache.maven.surefire.junit4.JUnit4Provider.invoke(JUnit4Provider.java:104)
	at sun.reflect.NativeMethodAccessorImpl.invoke0(Native Method)
	at sun.reflect.NativeMethodAccessorImpl.invoke(NativeMethodAccessorImpl.java:39)
	at sun.reflect.DelegatingMethodAccessorImpl.invoke(DelegatingMethodAccessorImpl.java:25)
	at java.lang.reflect.Method.invoke(Method.java:597)
	at org.apache.maven.surefire.util.ReflectionUtils.invokeMethodWithArray(ReflectionUtils.java:164)
	at org.apache.maven.surefire.booter.ProviderFactory$ProviderProxy.invoke(ProviderFactory.java:110)
	at org.apache.maven.surefire.booter.SurefireStarter.invokeProvider(SurefireStarter.java:175)
	at org.apache.maven.surefire.booter.SurefireStarter.runSuitesInProcessWhenForked(SurefireStarter.java:107)
	at org.apache.maven.surefire.booter.ForkedBooter.main(ForkedBooter.java:68)
00:16:08,087 TRACE DecoratorFactoryImpl:34 - Looking for method: createTagDecorator
00:16:08,087 ERROR DecoratorFactoryImpl:45 - 
java.lang.NoSuchMethodException: org.bluemagic.config.factory.DecoratorFactoryImpl.createTagDecorator(java.util.Map, org.bluemagic.config.api.tag.Tag, org.bluemagic.config.api.Decorator$Method)
	at java.lang.Class.getMethod(Class.java:1605)
	at org.bluemagic.config.factory.DecoratorFactoryImpl.createDecorator(DecoratorFactoryImpl.java:36)
	at org.bluemagic.config.factory.DecoratorFactoryTest.testBuildTripleTag(DecoratorFactoryTest.java:48)
	at sun.reflect.NativeMethodAccessorImpl.invoke0(Native Method)
	at sun.reflect.NativeMethodAccessorImpl.invoke(NativeMethodAccessorImpl.java:39)
	at sun.reflect.DelegatingMethodAccessorImpl.invoke(DelegatingMethodAccessorImpl.java:25)
	at java.lang.reflect.Method.invoke(Method.java:597)
	at org.junit.runners.model.FrameworkMethod$1.runReflectiveCall(FrameworkMethod.java:44)
	at org.junit.internal.runners.model.ReflectiveCallable.run(ReflectiveCallable.java:15)
	at org.junit.runners.model.FrameworkMethod.invokeExplosively(FrameworkMethod.java:41)
	at org.junit.internal.runners.statements.InvokeMethod.evaluate(InvokeMethod.java:20)
	at org.junit.runners.BlockJUnit4ClassRunner.runChild(BlockJUnit4ClassRunner.java:76)
	at org.junit.runners.BlockJUnit4ClassRunner.runChild(BlockJUnit4ClassRunner.java:50)
	at org.junit.runners.ParentRunner$3.run(ParentRunner.java:193)
	at org.junit.runners.ParentRunner$1.schedule(ParentRunner.java:52)
	at org.junit.runners.ParentRunner.runChildren(ParentRunner.java:191)
	at org.junit.runners.ParentRunner.access$000(ParentRunner.java:42)
	at org.junit.runners.ParentRunner$2.evaluate(ParentRunner.java:184)
	at org.junit.runners.ParentRunner.run(ParentRunner.java:236)
	at org.apache.maven.surefire.junit4.JUnit4TestSet.execute(JUnit4TestSet.java:53)
	at org.apache.maven.surefire.junit4.JUnit4Provider.executeTestSet(JUnit4Provider.java:123)
	at org.apache.maven.surefire.junit4.JUnit4Provider.invoke(JUnit4Provider.java:104)
	at sun.reflect.NativeMethodAccessorImpl.invoke0(Native Method)
	at sun.reflect.NativeMethodAccessorImpl.invoke(NativeMethodAccessorImpl.java:39)
	at sun.reflect.DelegatingMethodAccessorImpl.invoke(DelegatingMethodAccessorImpl.java:25)
	at java.lang.reflect.Method.invoke(Method.java:597)
	at org.apache.maven.surefire.util.ReflectionUtils.invokeMethodWithArray(ReflectionUtils.java:164)
	at org.apache.maven.surefire.booter.ProviderFactory$ProviderProxy.invoke(ProviderFactory.java:110)
	at org.apache.maven.surefire.booter.SurefireStarter.invokeProvider(SurefireStarter.java:175)
	at org.apache.maven.surefire.booter.SurefireStarter.runSuitesInProcessWhenForked(SurefireStarter.java:107)
	at org.apache.maven.surefire.booter.ForkedBooter.main(ForkedBooter.java:68)
Tests run: 3, Failures: 0, Errors: 3, Skipped: 0, Time elapsed: 0.003 sec <<< FAILURE!
Running org.bluemagic.config.factory.TagFactoryTest
00:16:08,089 TRACE TagFactoryImpl:47 - Looking for method: createSingleTag
00:16:08,089 DEBUG TagFactoryImpl:52 - Creating tag with method: public org.bluemagic.config.tag.MethodDecoratedTag org.bluemagic.config.factory.TagFactoryImpl.createSingleTag(java.util.Map,java.lang.String)
00:16:08,089 ERROR TagFactoryImpl:58 - 
java.lang.reflect.InvocationTargetException
	at sun.reflect.NativeMethodAccessorImpl.invoke0(Native Method)
	at sun.reflect.NativeMethodAccessorImpl.invoke(NativeMethodAccessorImpl.java:39)
	at sun.reflect.DelegatingMethodAccessorImpl.invoke(DelegatingMethodAccessorImpl.java:25)
	at java.lang.reflect.Method.invoke(Method.java:597)
	at org.bluemagic.config.factory.TagFactoryImpl.createTag(TagFactoryImpl.java:55)
	at org.bluemagic.config.factory.TagFactoryTest.testBuildSingleTag(TagFactoryTest.java:15)
	at sun.reflect.NativeMethodAccessorImpl.invoke0(Native Method)
	at sun.reflect.NativeMethodAccessorImpl.invoke(NativeMethodAccessorImpl.java:39)
	at sun.reflect.DelegatingMethodAccessorImpl.invoke(DelegatingMethodAccessorImpl.java:25)
	at java.lang.reflect.Method.invoke(Method.java:597)
	at org.junit.runners.model.FrameworkMethod$1.runReflectiveCall(FrameworkMethod.java:44)
	at org.junit.internal.runners.model.ReflectiveCallable.run(ReflectiveCallable.java:15)
	at org.junit.runners.model.FrameworkMethod.invokeExplosively(FrameworkMethod.java:41)
	at org.junit.internal.runners.statements.InvokeMethod.evaluate(InvokeMethod.java:20)
	at org.junit.runners.BlockJUnit4ClassRunner.runChild(BlockJUnit4ClassRunner.java:76)
	at org.junit.runners.BlockJUnit4ClassRunner.runChild(BlockJUnit4ClassRunner.java:50)
	at org.junit.runners.ParentRunner$3.run(ParentRunner.java:193)
	at org.junit.runners.ParentRunner$1.schedule(ParentRunner.java:52)
	at org.junit.runners.ParentRunner.runChildren(ParentRunner.java:191)
	at org.junit.runners.ParentRunner.access$000(ParentRunner.java:42)
	at org.junit.runners.ParentRunner$2.evaluate(ParentRunner.java:184)
	at org.junit.runners.ParentRunner.run(ParentRunner.java:236)
	at org.apache.maven.surefire.junit4.JUnit4TestSet.execute(JUnit4TestSet.java:53)
	at org.apache.maven.surefire.junit4.JUnit4Provider.executeTestSet(JUnit4Provider.java:123)
	at org.apache.maven.surefire.junit4.JUnit4Provider.invoke(JUnit4Provider.java:104)
	at sun.reflect.NativeMethodAccessorImpl.invoke0(Native Method)
	at sun.reflect.NativeMethodAccessorImpl.invoke(NativeMethodAccessorImpl.java:39)
	at sun.reflect.DelegatingMethodAccessorImpl.invoke(DelegatingMethodAccessorImpl.java:25)
	at java.lang.reflect.Method.invoke(Method.java:597)
	at org.apache.maven.surefire.util.ReflectionUtils.invokeMethodWithArray(ReflectionUtils.java:164)
	at org.apache.maven.surefire.booter.ProviderFactory$ProviderProxy.invoke(ProviderFactory.java:110)
	at org.apache.maven.surefire.booter.SurefireStarter.invokeProvider(SurefireStarter.java:175)
	at org.apache.maven.surefire.booter.SurefireStarter.runSuitesInProcessWhenForked(SurefireStarter.java:107)
	at org.apache.maven.surefire.booter.ForkedBooter.main(ForkedBooter.java:68)
Caused by: java.lang.NullPointerException
	at org.bluemagic.config.factory.TagFactoryImpl.createSingleTag(TagFactoryImpl.java:76)
	... 34 more
00:16:08,091 TRACE TagFactoryImpl:47 - Looking for method: createOrg.bluemagic.config.api.tag.SingleTag
00:16:08,091 ERROR TagFactoryImpl:58 - 
java.lang.NoSuchMethodException: org.bluemagic.config.factory.TagFactoryImpl.createOrg.bluemagic.config.api.tag.SingleTag(java.util.Map, java.lang.String)
	at java.lang.Class.getMethod(Class.java:1605)
	at org.bluemagic.config.factory.TagFactoryImpl.createTag(TagFactoryImpl.java:49)
	at org.bluemagic.config.factory.TagFactoryTest.testBuildSingleTagWithFullyQualifiedPackage(TagFactoryTest.java:24)
	at sun.reflect.NativeMethodAccessorImpl.invoke0(Native Method)
	at sun.reflect.NativeMethodAccessorImpl.invoke(NativeMethodAccessorImpl.java:39)
	at sun.reflect.DelegatingMethodAccessorImpl.invoke(DelegatingMethodAccessorImpl.java:25)
	at java.lang.reflect.Method.invoke(Method.java:597)
	at org.junit.runners.model.FrameworkMethod$1.runReflectiveCall(FrameworkMethod.java:44)
	at org.junit.internal.runners.model.ReflectiveCallable.run(ReflectiveCallable.java:15)
	at org.junit.runners.model.FrameworkMethod.invokeExplosively(FrameworkMethod.java:41)
	at org.junit.internal.runners.statements.InvokeMethod.evaluate(InvokeMethod.java:20)
	at org.junit.runners.BlockJUnit4ClassRunner.runChild(BlockJUnit4ClassRunner.java:76)
	at org.junit.runners.BlockJUnit4ClassRunner.runChild(BlockJUnit4ClassRunner.java:50)
	at org.junit.runners.ParentRunner$3.run(ParentRunner.java:193)
	at org.junit.runners.ParentRunner$1.schedule(ParentRunner.java:52)
	at org.junit.runners.ParentRunner.runChildren(ParentRunner.java:191)
	at org.junit.runners.ParentRunner.access$000(ParentRunner.java:42)
	at org.junit.runners.ParentRunner$2.evaluate(ParentRunner.java:184)
	at org.junit.runners.ParentRunner.run(ParentRunner.java:236)
	at org.apache.maven.surefire.junit4.JUnit4TestSet.execute(JUnit4TestSet.java:53)
	at org.apache.maven.surefire.junit4.JUnit4Provider.executeTestSet(JUnit4Provider.java:123)
	at org.apache.maven.surefire.junit4.JUnit4Provider.invoke(JUnit4Provider.java:104)
	at sun.reflect.NativeMethodAccessorImpl.invoke0(Native Method)
	at sun.reflect.NativeMethodAccessorImpl.invoke(NativeMethodAccessorImpl.java:39)
	at sun.reflect.DelegatingMethodAccessorImpl.invoke(DelegatingMethodAccessorImpl.java:25)
	at java.lang.reflect.Method.invoke(Method.java:597)
	at org.apache.maven.surefire.util.ReflectionUtils.invokeMethodWithArray(ReflectionUtils.java:164)
	at org.apache.maven.surefire.booter.ProviderFactory$ProviderProxy.invoke(ProviderFactory.java:110)
	at org.apache.maven.surefire.booter.SurefireStarter.invokeProvider(SurefireStarter.java:175)
	at org.apache.maven.surefire.booter.SurefireStarter.runSuitesInProcessWhenForked(SurefireStarter.java:107)
	at org.apache.maven.surefire.booter.ForkedBooter.main(ForkedBooter.java:68)
Tests run: 2, Failures: 0, Errors: 2, Skipped: 0, Time elapsed: 0.002 sec <<< FAILURE!
Running org.bluemagic.config.factory.LocationFactoryTest
00:16:08,093 TRACE LocationFactoryImpl:34 - Looking for method: createFileLocation
00:16:08,093 DEBUG LocationFactoryImpl:39 - Creating location with method: public org.bluemagic.config.api.Location org.bluemagic.config.factory.LocationFactoryImpl.createFileLocation(java.util.Map)
00:16:08,093 ERROR LocationFactoryImpl:45 - 
java.lang.reflect.InvocationTargetException
	at sun.reflect.NativeMethodAccessorImpl.invoke0(Native Method)
	at sun.reflect.NativeMethodAccessorImpl.invoke(NativeMethodAccessorImpl.java:39)
	at sun.reflect.DelegatingMethodAccessorImpl.invoke(DelegatingMethodAccessorImpl.java:25)
	at java.lang.reflect.Method.invoke(Method.java:597)
	at org.bluemagic.config.factory.LocationFactoryImpl.createLocation(LocationFactoryImpl.java:42)
	at org.bluemagic.config.factory.LocationFactoryTest.testBuildLocalLocation(LocationFactoryTest.java:16)
	at sun.reflect.NativeMethodAccessorImpl.invoke0(Native Method)
	at sun.reflect.NativeMethodAccessorImpl.invoke(NativeMethodAccessorImpl.java:39)
	at sun.reflect.DelegatingMethodAccessorImpl.invoke(DelegatingMethodAccessorImpl.java:25)
	at java.lang.reflect.Method.invoke(Method.java:597)
	at org.junit.runners.model.FrameworkMethod$1.runReflectiveCall(FrameworkMethod.java:44)
	at org.junit.internal.runners.model.ReflectiveCallable.run(ReflectiveCallable.java:15)
	at org.junit.runners.model.FrameworkMethod.invokeExplosively(FrameworkMethod.java:41)
	at org.junit.internal.runners.statements.InvokeMethod.evaluate(InvokeMethod.java:20)
	at org.junit.runners.BlockJUnit4ClassRunner.runChild(BlockJUnit4ClassRunner.java:76)
	at org.junit.runners.BlockJUnit4ClassRunner.runChild(BlockJUnit4ClassRunner.java:50)
	at org.junit.runners.ParentRunner$3.run(ParentRunner.java:193)
	at org.junit.runners.ParentRunner$1.schedule(ParentRunner.java:52)
	at org.junit.runners.ParentRunner.runChildren(ParentRunner.java:191)
	at org.junit.runners.ParentRunner.access$000(ParentRunner.java:42)
	at org.junit.runners.ParentRunner$2.evaluate(ParentRunner.java:184)
	at org.junit.runners.ParentRunner.run(ParentRunner.java:236)
	at org.apache.maven.surefire.junit4.JUnit4TestSet.execute(JUnit4TestSet.java:53)
	at org.apache.maven.surefire.junit4.JUnit4Provider.executeTestSet(JUnit4Provider.java:123)
	at org.apache.maven.surefire.junit4.JUnit4Provider.invoke(JUnit4Provider.java:104)
	at sun.reflect.NativeMethodAccessorImpl.invoke0(Native Method)
	at sun.reflect.NativeMethodAccessorImpl.invoke(NativeMethodAccessorImpl.java:39)
	at sun.reflect.DelegatingMethodAccessorImpl.invoke(DelegatingMethodAccessorImpl.java:25)
	at java.lang.reflect.Method.invoke(Method.java:597)
	at org.apache.maven.surefire.util.ReflectionUtils.invokeMethodWithArray(ReflectionUtils.java:164)
	at org.apache.maven.surefire.booter.ProviderFactory$ProviderProxy.invoke(ProviderFactory.java:110)
	at org.apache.maven.surefire.booter.SurefireStarter.invokeProvider(SurefireStarter.java:175)
	at org.apache.maven.surefire.booter.SurefireStarter.runSuitesInProcessWhenForked(SurefireStarter.java:107)
	at org.apache.maven.surefire.booter.ForkedBooter.main(ForkedBooter.java:68)
Caused by: java.lang.NullPointerException
	at org.bluemagic.config.factory.LocationFactoryImpl.createFileLocation(LocationFactoryImpl.java:68)
	... 34 more
00:16:08,095 TRACE LocationFactoryImpl:34 - Looking for method: createOrg.bluemagic.config.location.WebLocation
00:16:08,095 ERROR LocationFactoryImpl:45 - 
java.lang.NoSuchMethodException: org.bluemagic.config.factory.LocationFactoryImpl.createOrg.bluemagic.config.location.WebLocation(java.util.Map)
	at java.lang.Class.getMethod(Class.java:1605)
	at org.bluemagic.config.factory.LocationFactoryImpl.createLocation(LocationFactoryImpl.java:36)
	at org.bluemagic.config.factory.LocationFactoryTest.testBuildRemoteLocationWithFullyQualifiedPackage(LocationFactoryTest.java:24)
	at sun.reflect.NativeMethodAccessorImpl.invoke0(Native Method)
	at sun.reflect.NativeMethodAccessorImpl.invoke(NativeMethodAccessorImpl.java:39)
	at sun.reflect.DelegatingMethodAccessorImpl.invoke(DelegatingMethodAccessorImpl.java:25)
	at java.lang.reflect.Method.invoke(Method.java:597)
	at org.junit.runners.model.FrameworkMethod$1.runReflectiveCall(FrameworkMethod.java:44)
	at org.junit.internal.runners.model.ReflectiveCallable.run(ReflectiveCallable.java:15)
	at org.junit.runners.model.FrameworkMethod.invokeExplosively(FrameworkMethod.java:41)
	at org.junit.internal.runners.statements.InvokeMethod.evaluate(InvokeMethod.java:20)
	at org.junit.runners.BlockJUnit4ClassRunner.runChild(BlockJUnit4ClassRunner.java:76)
	at org.junit.runners.BlockJUnit4ClassRunner.runChild(BlockJUnit4ClassRunner.java:50)
	at org.junit.runners.ParentRunner$3.run(ParentRunner.java:193)
	at org.junit.runners.ParentRunner$1.schedule(ParentRunner.java:52)
	at org.junit.runners.ParentRunner.runChildren(ParentRunner.java:191)
	at org.junit.runners.ParentRunner.access$000(ParentRunner.java:42)
	at org.junit.runners.ParentRunner$2.evaluate(ParentRunner.java:184)
	at org.junit.runners.ParentRunner.run(ParentRunner.java:236)
	at org.apache.maven.surefire.junit4.JUnit4TestSet.execute(JUnit4TestSet.java:53)
	at org.apache.maven.surefire.junit4.JUnit4Provider.executeTestSet(JUnit4Provider.java:123)
	at org.apache.maven.surefire.junit4.JUnit4Provider.invoke(JUnit4Provider.java:104)
	at sun.reflect.NativeMethodAccessorImpl.invoke0(Native Method)
	at sun.reflect.NativeMethodAccessorImpl.invoke(NativeMethodAccessorImpl.java:39)
	at sun.reflect.DelegatingMethodAccessorImpl.invoke(DelegatingMethodAccessorImpl.java:25)
	at java.lang.reflect.Method.invoke(Method.java:597)
	at org.apache.maven.surefire.util.ReflectionUtils.invokeMethodWithArray(ReflectionUtils.java:164)
	at org.apache.maven.surefire.booter.ProviderFactory$ProviderProxy.invoke(ProviderFactory.java:110)
	at org.apache.maven.surefire.booter.SurefireStarter.invokeProvider(SurefireStarter.java:175)
	at org.apache.maven.surefire.booter.SurefireStarter.runSuitesInProcessWhenForked(SurefireStarter.java:107)
	at org.apache.maven.surefire.booter.ForkedBooter.main(ForkedBooter.java:68)
Tests run: 2, Failures: 0, Errors: 2, Skipped: 0, Time elapsed: 0.001 sec <<< FAILURE!
Running org.bluemagic.config.tag.MultiValueTagTest
Tests run: 1, Failures: 0, Errors: 0, Skipped: 0, Time elapsed: 0 sec
Running org.bluemagic.config.tag.HashtagTest
Tests run: 2, Failures: 0, Errors: 0, Skipped: 0, Time elapsed: 0.001 sec
Running org.bluemagic.config.tag.UsernameTagTest
Tests run: 1, Failures: 0, Errors: 0, Skipped: 0, Time elapsed: 0.001 sec
Running org.bluemagic.config.tag.TagEncoderTest
Tests run: 2, Failures: 0, Errors: 0, Skipped: 0, Time elapsed: 0 sec
Running org.bluemagic.config.transformer.DecryptionTransformerTest
Tests run: 3, Failures: 0, Errors: 0, Skipped: 0, Time elapsed: 0 sec
Running org.bluemagic.config.transformer.FileSytemTransformerTest
Tests run: 4, Failures: 0, Errors: 0, Skipped: 0, Time elapsed: 0.06 sec
Running org.bluemagic.config.util.SecurityUtilsTest
Tests run: 2, Failures: 0, Errors: 0, Skipped: 0, Time elapsed: 0.001 sec
Running org.bluemagic.config.util.UriUtilsTest
Tests run: 10, Failures: 0, Errors: 0, Skipped: 0, Time elapsed: 0.004 sec
Running org.bluemagic.config.decorator.DoubleTagDecoratorTest
Tests run: 5, Failures: 0, Errors: 0, Skipped: 0, Time elapsed: 0.003 sec
Running org.bluemagic.config.decorator.TripleTagDecoratorTest
Tests run: 3, Failures: 0, Errors: 0, Skipped: 0, Time elapsed: 0.001 sec
Running org.bluemagic.config.decorator.SingleTagDecoratorTest
Tests run: 8, Failures: 0, Errors: 0, Skipped: 0, Time elapsed: 0.003 sec
Running org.bluemagic.config.location.FileLocationDecoratingWrapperTest
[org.bluemagic.config.location.FileLocation for file: testProperties.xml with repository: org.bluemagic.config.repository.file.PropertiesFileRepository]
[org.bluemagic.config.location.FileLocation for file: abc.testProperties.xml with repository: org.bluemagic.config.repository.file.PropertiesFileRepository]
[org.bluemagic.config.location.FileLocation for file: abc.def.testProperties.xml with repository: org.bluemagic.config.repository.file.PropertiesFileRepository]
[org.bluemagic.config.location.FileLocation for file: abc.def.ghi.testProperties.xml with repository: org.bluemagic.config.repository.file.PropertiesFileRepository]
Tests run: 4, Failures: 0, Errors: 0, Skipped: 0, Time elapsed: 0.008 sec
Running org.bluemagic.config.location.WebLocationTest
--testGetRemoteLocationPropertyWithFileSet--
123
--testGetRemoteLocationProperyNoFileOrPrefix--
abc=123
--testGetRemoteLocationProperyWithPrefix--
abc=123
--testGetRemoteLocationProperyWithPrefixInUri--
abc=123
Tests run: 4, Failures: 0, Errors: 0, Skipped: 0, Time elapsed: 0.683 sec
Running org.bluemagic.config.location.FileLocationTest
Tests run: 4, Failures: 0, Errors: 0, Skipped: 0, Time elapsed: 0.008 sec
Running org.bluemagic.config.location.CommandLineLocationTest
Tests run: 4, Failures: 0, Errors: 0, Skipped: 0, Time elapsed: 0.002 sec
Running org.bluemagic.config.location.KeyDecoratingLocationWrapperTest
Tests run: 2, Failures: 0, Errors: 0, Skipped: 0, Time elapsed: 0.013 sec

Results :

Tests in error: 
  test(org.bluemagic.config.factory.ConfigXmlParserTest): Unable to find method
  testBuildSingleTag(org.bluemagic.config.factory.DecoratorFactoryTest): Unable to find method
  testBuildDoubleTag(org.bluemagic.config.factory.DecoratorFactoryTest): Unable to find method
  testBuildTripleTag(org.bluemagic.config.factory.DecoratorFactoryTest): Unable to find method
  testBuildSingleTag(org.bluemagic.config.factory.TagFactoryTest): Unable to find method
  testBuildSingleTagWithFullyQualifiedPackage(org.bluemagic.config.factory.TagFactoryTest): Unable to find method
  testBuildLocalLocation(org.bluemagic.config.factory.LocationFactoryTest): Unable to find method
  testBuildRemoteLocationWithFullyQualifiedPackage(org.bluemagic.config.factory.LocationFactoryTest): Unable to find method

Tests run: 67, Failures: 0, Errors: 8, Skipped: 0

[INFO] ------------------------------------------------------------------------
[INFO] BUILD FAILURE
[INFO] ------------------------------------------------------------------------
[INFO] Total time: 3.227s
[INFO] Finished at: Fri Nov 16 00:16:08 EST 2012
[INFO] Final Memory: 14M/218M
[INFO] ------------------------------------------------------------------------
[ERROR] Failed to execute goal org.apache.maven.plugins:maven-surefire-plugin:2.10:test (default-test) on project magic-config: There are test failures.
[ERROR] 
[ERROR] Please refer to /home/sly/workspace/BlueMagic/magic-config/target/surefire-reports for the individual test results.
[ERROR] -> [Help 1]
[ERROR] 
[ERROR] To see the full stack trace of the errors, re-run Maven with the -e switch.
[ERROR] Re-run Maven using the -X switch to enable full debug logging.
[ERROR] 
[ERROR] For more information about the errors and possible solutions, please read the following articles:
[ERROR] [Help 1] http://cwiki.apache.org/confluence/display/MAVEN/MojoFailureException
